  main.cpp
D:\Chrome Downloads\ChessRogue\roguelikechess\ChessRogue\main.cpp(76,25): warning C4244: 'argument': conversion from 'int' to 'float', possible loss of data
D:\Chrome Downloads\ChessRogue\roguelikechess\ChessRogue\main.cpp(76,22): warning C4244: 'argument': conversion from 'int' to 'float', possible loss of data
D:\Chrome Downloads\ChessRogue\roguelikechess\ChessRogue\main.cpp(179,19): warning C4244: 'argument': conversion from 'int' to 'float', possible loss of data
D:\Chrome Downloads\ChessRogue\roguelikechess\ChessRogue\main.cpp(179,16): warning C4244: 'argument': conversion from 'int' to 'float', possible loss of data
D:\Chrome Downloads\ChessRogue\roguelikechess\ChessRogue\main.cpp(233,19): warning C4244: 'argument': conversion from 'int' to 'float', possible loss of data
D:\Chrome Downloads\ChessRogue\roguelikechess\ChessRogue\main.cpp(233,16): warning C4244: 'argument': conversion from 'int' to 'float', possible loss of data
D:\Chrome Downloads\ChessRogue\roguelikechess\ChessRogue\main.cpp(272,27): warning C4305: 'argument': truncation from 'double' to 'GLfloat'
D:\Chrome Downloads\ChessRogue\roguelikechess\ChessRogue\main.cpp(272,21): warning C4305: 'argument': truncation from 'double' to 'GLfloat'
D:\Chrome Downloads\ChessRogue\roguelikechess\ChessRogue\main.cpp(272,15): warning C4305: 'argument': truncation from 'double' to 'GLfloat'
D:\Chrome Downloads\ChessRogue\roguelikechess\ChessRogue\main.cpp(276,45): warning C4244: 'argument': conversion from 'int' to 'GLfloat', possible loss of data
D:\Chrome Downloads\ChessRogue\roguelikechess\ChessRogue\main.cpp(276,26): warning C4244: 'argument': conversion from 'int' to 'GLfloat', possible loss of data
D:\Chrome Downloads\ChessRogue\roguelikechess\ChessRogue\main.cpp(277,45): warning C4244: 'argument': conversion from 'int' to 'GLfloat', possible loss of data
D:\Chrome Downloads\ChessRogue\roguelikechess\ChessRogue\main.cpp(277,26): warning C4244: 'argument': conversion from 'int' to 'GLfloat', possible loss of data
D:\Chrome Downloads\ChessRogue\roguelikechess\ChessRogue\main.cpp(278,44): warning C4244: 'argument': conversion from 'int' to 'GLfloat', possible loss of data
D:\Chrome Downloads\ChessRogue\roguelikechess\ChessRogue\main.cpp(278,26): warning C4244: 'argument': conversion from 'int' to 'GLfloat', possible loss of data
D:\Chrome Downloads\ChessRogue\roguelikechess\ChessRogue\main.cpp(279,44): warning C4244: 'argument': conversion from 'int' to 'GLfloat', possible loss of data
D:\Chrome Downloads\ChessRogue\roguelikechess\ChessRogue\main.cpp(279,26): warning C4244: 'argument': conversion from 'int' to 'GLfloat', possible loss of data
D:\Chrome Downloads\ChessRogue\roguelikechess\ChessRogue\main.cpp(282,44): warning C4244: 'argument': conversion from 'int' to 'GLfloat', possible loss of data
D:\Chrome Downloads\ChessRogue\roguelikechess\ChessRogue\main.cpp(282,26): warning C4244: 'argument': conversion from 'int' to 'GLfloat', possible loss of data
D:\Chrome Downloads\ChessRogue\roguelikechess\ChessRogue\main.cpp(283,44): warning C4244: 'argument': conversion from 'int' to 'GLfloat', possible loss of data
D:\Chrome Downloads\ChessRogue\roguelikechess\ChessRogue\main.cpp(283,26): warning C4244: 'argument': conversion from 'int' to 'GLfloat', possible loss of data
D:\Chrome Downloads\ChessRogue\roguelikechess\ChessRogue\main.cpp(284,43): warning C4244: 'argument': conversion from 'int' to 'GLfloat', possible loss of data
D:\Chrome Downloads\ChessRogue\roguelikechess\ChessRogue\main.cpp(284,25): warning C4244: 'argument': conversion from 'int' to 'GLfloat', possible loss of data
D:\Chrome Downloads\ChessRogue\roguelikechess\ChessRogue\main.cpp(285,43): warning C4244: 'argument': conversion from 'int' to 'GLfloat', possible loss of data
D:\Chrome Downloads\ChessRogue\roguelikechess\ChessRogue\main.cpp(285,25): warning C4244: 'argument': conversion from 'int' to 'GLfloat', possible loss of data
D:\Chrome Downloads\ChessRogue\roguelikechess\ChessRogue\main.cpp(288,44): warning C4244: 'argument': conversion from 'int' to 'GLfloat', possible loss of data
D:\Chrome Downloads\ChessRogue\roguelikechess\ChessRogue\main.cpp(288,25): warning C4244: 'argument': conversion from 'int' to 'GLfloat', possible loss of data
D:\Chrome Downloads\ChessRogue\roguelikechess\ChessRogue\main.cpp(289,43): warning C4244: 'argument': conversion from 'int' to 'GLfloat', possible loss of data
D:\Chrome Downloads\ChessRogue\roguelikechess\ChessRogue\main.cpp(289,25): warning C4244: 'argument': conversion from 'int' to 'GLfloat', possible loss of data
D:\Chrome Downloads\ChessRogue\roguelikechess\ChessRogue\main.cpp(290,43): warning C4244: 'argument': conversion from 'int' to 'GLfloat', possible loss of data
D:\Chrome Downloads\ChessRogue\roguelikechess\ChessRogue\main.cpp(290,25): warning C4244: 'argument': conversion from 'int' to 'GLfloat', possible loss of data
D:\Chrome Downloads\ChessRogue\roguelikechess\ChessRogue\main.cpp(291,44): warning C4244: 'argument': conversion from 'int' to 'GLfloat', possible loss of data
D:\Chrome Downloads\ChessRogue\roguelikechess\ChessRogue\main.cpp(291,25): warning C4244: 'argument': conversion from 'int' to 'GLfloat', possible loss of data
D:\Chrome Downloads\ChessRogue\roguelikechess\ChessRogue\main.cpp(294,45): warning C4244: 'argument': conversion from 'int' to 'GLfloat', possible loss of data
D:\Chrome Downloads\ChessRogue\roguelikechess\ChessRogue\main.cpp(294,26): warning C4244: 'argument': conversion from 'int' to 'GLfloat', possible loss of data
D:\Chrome Downloads\ChessRogue\roguelikechess\ChessRogue\main.cpp(295,45): warning C4244: 'argument': conversion from 'int' to 'GLfloat', possible loss of data
D:\Chrome Downloads\ChessRogue\roguelikechess\ChessRogue\main.cpp(295,26): warning C4244: 'argument': conversion from 'int' to 'GLfloat', possible loss of data
D:\Chrome Downloads\ChessRogue\roguelikechess\ChessRogue\main.cpp(296,44): warning C4244: 'argument': conversion from 'int' to 'GLfloat', possible loss of data
D:\Chrome Downloads\ChessRogue\roguelikechess\ChessRogue\main.cpp(296,25): warning C4244: 'argument': conversion from 'int' to 'GLfloat', possible loss of data
D:\Chrome Downloads\ChessRogue\roguelikechess\ChessRogue\main.cpp(297,44): warning C4244: 'argument': conversion from 'int' to 'GLfloat', possible loss of data
D:\Chrome Downloads\ChessRogue\roguelikechess\ChessRogue\main.cpp(297,25): warning C4244: 'argument': conversion from 'int' to 'GLfloat', possible loss of data
D:\Chrome Downloads\ChessRogue\roguelikechess\ChessRogue\main.cpp(301,45): warning C4244: 'argument': conversion from 'int' to 'GLfloat', possible loss of data
D:\Chrome Downloads\ChessRogue\roguelikechess\ChessRogue\main.cpp(301,26): warning C4244: 'argument': conversion from 'int' to 'GLfloat', possible loss of data
D:\Chrome Downloads\ChessRogue\roguelikechess\ChessRogue\main.cpp(302,45): warning C4244: 'argument': conversion from 'int' to 'GLfloat', possible loss of data
D:\Chrome Downloads\ChessRogue\roguelikechess\ChessRogue\main.cpp(302,26): warning C4244: 'argument': conversion from 'int' to 'GLfloat', possible loss of data
D:\Chrome Downloads\ChessRogue\roguelikechess\ChessRogue\main.cpp(303,44): warning C4244: 'argument': conversion from 'int' to 'GLfloat', possible loss of data
D:\Chrome Downloads\ChessRogue\roguelikechess\ChessRogue\main.cpp(303,26): warning C4244: 'argument': conversion from 'int' to 'GLfloat', possible loss of data
D:\Chrome Downloads\ChessRogue\roguelikechess\ChessRogue\main.cpp(304,44): warning C4244: 'argument': conversion from 'int' to 'GLfloat', possible loss of data
D:\Chrome Downloads\ChessRogue\roguelikechess\ChessRogue\main.cpp(304,26): warning C4244: 'argument': conversion from 'int' to 'GLfloat', possible loss of data
D:\Chrome Downloads\ChessRogue\roguelikechess\ChessRogue\main.cpp(307,44): warning C4244: 'argument': conversion from 'int' to 'GLfloat', possible loss of data
D:\Chrome Downloads\ChessRogue\roguelikechess\ChessRogue\main.cpp(307,26): warning C4244: 'argument': conversion from 'int' to 'GLfloat', possible loss of data
D:\Chrome Downloads\ChessRogue\roguelikechess\ChessRogue\main.cpp(308,44): warning C4244: 'argument': conversion from 'int' to 'GLfloat', possible loss of data
D:\Chrome Downloads\ChessRogue\roguelikechess\ChessRogue\main.cpp(308,26): warning C4244: 'argument': conversion from 'int' to 'GLfloat', possible loss of data
D:\Chrome Downloads\ChessRogue\roguelikechess\ChessRogue\main.cpp(309,43): warning C4244: 'argument': conversion from 'int' to 'GLfloat', possible loss of data
D:\Chrome Downloads\ChessRogue\roguelikechess\ChessRogue\main.cpp(309,25): warning C4244: 'argument': conversion from 'int' to 'GLfloat', possible loss of data
D:\Chrome Downloads\ChessRogue\roguelikechess\ChessRogue\main.cpp(310,43): warning C4244: 'argument': conversion from 'int' to 'GLfloat', possible loss of data
D:\Chrome Downloads\ChessRogue\roguelikechess\ChessRogue\main.cpp(310,25): warning C4244: 'argument': conversion from 'int' to 'GLfloat', possible loss of data
D:\Chrome Downloads\ChessRogue\roguelikechess\ChessRogue\main.cpp(313,44): warning C4244: 'argument': conversion from 'int' to 'GLfloat', possible loss of data
D:\Chrome Downloads\ChessRogue\roguelikechess\ChessRogue\main.cpp(313,25): warning C4244: 'argument': conversion from 'int' to 'GLfloat', possible loss of data
D:\Chrome Downloads\ChessRogue\roguelikechess\ChessRogue\main.cpp(314,44): warning C4244: 'argument': conversion from 'int' to 'GLfloat', possible loss of data
D:\Chrome Downloads\ChessRogue\roguelikechess\ChessRogue\main.cpp(314,25): warning C4244: 'argument': conversion from 'int' to 'GLfloat', possible loss of data
D:\Chrome Downloads\ChessRogue\roguelikechess\ChessRogue\main.cpp(315,43): warning C4244: 'argument': conversion from 'int' to 'GLfloat', possible loss of data
D:\Chrome Downloads\ChessRogue\roguelikechess\ChessRogue\main.cpp(315,25): warning C4244: 'argument': conversion from 'int' to 'GLfloat', possible loss of data
D:\Chrome Downloads\ChessRogue\roguelikechess\ChessRogue\main.cpp(316,43): warning C4244: 'argument': conversion from 'int' to 'GLfloat', possible loss of data
D:\Chrome Downloads\ChessRogue\roguelikechess\ChessRogue\main.cpp(316,25): warning C4244: 'argument': conversion from 'int' to 'GLfloat', possible loss of data
D:\Chrome Downloads\ChessRogue\roguelikechess\ChessRogue\main.cpp(319,45): warning C4244: 'argument': conversion from 'int' to 'GLfloat', possible loss of data
D:\Chrome Downloads\ChessRogue\roguelikechess\ChessRogue\main.cpp(319,26): warning C4244: 'argument': conversion from 'int' to 'GLfloat', possible loss of data
D:\Chrome Downloads\ChessRogue\roguelikechess\ChessRogue\main.cpp(320,45): warning C4244: 'argument': conversion from 'int' to 'GLfloat', possible loss of data
D:\Chrome Downloads\ChessRogue\roguelikechess\ChessRogue\main.cpp(320,26): warning C4244: 'argument': conversion from 'int' to 'GLfloat', possible loss of data
D:\Chrome Downloads\ChessRogue\roguelikechess\ChessRogue\main.cpp(321,44): warning C4244: 'argument': conversion from 'int' to 'GLfloat', possible loss of data
D:\Chrome Downloads\ChessRogue\roguelikechess\ChessRogue\main.cpp(321,25): warning C4244: 'argument': conversion from 'int' to 'GLfloat', possible loss of data
D:\Chrome Downloads\ChessRogue\roguelikechess\ChessRogue\main.cpp(322,44): warning C4244: 'argument': conversion from 'int' to 'GLfloat', possible loss of data
D:\Chrome Downloads\ChessRogue\roguelikechess\ChessRogue\main.cpp(322,25): warning C4244: 'argument': conversion from 'int' to 'GLfloat', possible loss of data
D:\Chrome Downloads\ChessRogue\roguelikechess\ChessRogue\main.cpp(325,45): warning C4244: 'argument': conversion from 'int' to 'GLfloat', possible loss of data
D:\Chrome Downloads\ChessRogue\roguelikechess\ChessRogue\main.cpp(325,26): warning C4244: 'argument': conversion from 'int' to 'GLfloat', possible loss of data
D:\Chrome Downloads\ChessRogue\roguelikechess\ChessRogue\main.cpp(326,44): warning C4244: 'argument': conversion from 'int' to 'GLfloat', possible loss of data
D:\Chrome Downloads\ChessRogue\roguelikechess\ChessRogue\main.cpp(326,25): warning C4244: 'argument': conversion from 'int' to 'GLfloat', possible loss of data
D:\Chrome Downloads\ChessRogue\roguelikechess\ChessRogue\main.cpp(327,43): warning C4244: 'argument': conversion from 'int' to 'GLfloat', possible loss of data
D:\Chrome Downloads\ChessRogue\roguelikechess\ChessRogue\main.cpp(327,25): warning C4244: 'argument': conversion from 'int' to 'GLfloat', possible loss of data
D:\Chrome Downloads\ChessRogue\roguelikechess\ChessRogue\main.cpp(328,44): warning C4244: 'argument': conversion from 'int' to 'GLfloat', possible loss of data
D:\Chrome Downloads\ChessRogue\roguelikechess\ChessRogue\main.cpp(328,26): warning C4244: 'argument': conversion from 'int' to 'GLfloat', possible loss of data
x64\Debug\keyboard.obj : warning LNK4042: object specified more than once; extras ignored
  ChessRogue.vcxproj -> D:\Chrome Downloads\ChessRogue\roguelikechess\x64\Debug\ChessRogue.exe
  'pwsh.exe' is not recognized as an internal or external command,
  operable program or batch file.
